<?xml version="1.0" encoding="UTF-8"?>
<TestRun id="14151e12-d006-4a25-abfe-998745e0608a" name="Daiz@DAIZ-PC 2011-10-15 22:16:37" runUser="Daiz-PC\Daiz" xmlns="http://microsoft.com/schemas/VisualStudio/TeamTest/2010">
  <TestSettings name="Local" id="6d1ec75a-477d-46b2-8a47-3eb61e1c9c28">
    <Description>These are default test settings for a local test run.</Description>
    <Deployment enabled="false" runDeploymentRoot="Daiz_DAIZ-PC 2011-10-15 22_16_37">
      <DeploymentItem filename="C:\Users\Daiz\Desktop\Projects\Database\SimPhony\bin\Debug\SimPhony.dll" />
      <DeploymentItem filename="C:\Users\Daiz\Desktop\Projects\Database\DaizBase\bin\Debug\DaizBase.dll" />
    </Deployment>
    <Execution>
      <TestTypeSpecific />
      <AgentRule name="Execution Agents">
      </AgentRule>
    </Execution>
  </TestSettings>
  <Times creation="2011-10-15T22:16:37.0741000-04:00" queuing="2011-10-15T22:16:39.1711000-04:00" start="2011-10-15T22:16:39.3951000-04:00" finish="2011-10-15T22:16:42.3891000-04:00" />
  <ResultSummary outcome="Completed">
    <Counters total="1" executed="1" passed="1" error="0" failed="0" timeout="0" aborted="0" inconclusive="0" passedButRunAborted="0" notRunnable="0" notExecuted="0" disconnected="0" warning="0" completed="0" inProgress="0" pending="0" />
  </ResultSummary>
  <TestDefinitions>
    <UnitTest name="Test1" storage="c:\users\daiz\desktop\projects\database\daizbase\simphonytest\bin\debug\simphonytest.dll" id="17880c43-d0bd-a935-3603-8533d88fda01">
      <Execution id="a9a9f1f3-367b-4166-9e4a-fd220efc6c62" />
      <TestMethod codeBase="C:/Users/Daiz/Desktop/Projects/Database/DaizBase/SimphonyTest/bin/Debug/SimphonyTest.DLL" adapterTypeName="Microsoft.VisualStudio.TestTools.TestTypes.Unit.UnitTestAdapter, Microsoft.VisualStudio.QualityTools.Tips.UnitTest.Adapter, Version=10.0.0.0, Culture=neutral, PublicKeyToken=b03f5f7f11d50a3a" className="SimphonyTest.SimphonyTest, SimphonyTest, Version=1.0.0.0, Culture=neutral, PublicKeyToken=null" name="Test1" />
    </UnitTest>
  </TestDefinitions>
  <TestLists>
    <TestList name="Results Not in a List" id="8c84fa94-04c1-424b-9868-57a2d4851a1d" />
    <TestList name="All Loaded Results" id="19431567-8539-422a-85d7-44ee4e166bda" />
  </TestLists>
  <TestEntries>
    <TestEntry testId="17880c43-d0bd-a935-3603-8533d88fda01" executionId="a9a9f1f3-367b-4166-9e4a-fd220efc6c62" testListId="8c84fa94-04c1-424b-9868-57a2d4851a1d" />
  </TestEntries>
  <Results>
    <UnitTestResult executionId="a9a9f1f3-367b-4166-9e4a-fd220efc6c62" testId="17880c43-d0bd-a935-3603-8533d88fda01" testName="Test1" computerName="DAIZ-PC" duration="00:00:00.2640352" startTime="2011-10-15T22:16:39.5081000-04:00" endTime="2011-10-15T22:16:40.4741000-04:00" testType="13cdc9d9-ddb5-4fa4-a97d-d965ccfc6d4b" outcome="Passed" testListId="8c84fa94-04c1-424b-9868-57a2d4851a1d" relativeResultsDirectory="a9a9f1f3-367b-4166-9e4a-fd220efc6c62">
    </UnitTestResult>
  </Results>
</TestRun>