<?xml version="1.0" encoding="UTF-8"?>
<TestRun id="9ebb3628-17e7-4c7d-a031-c321a86a62aa" name="Daiz@DAIZ-PC 2011-10-15 22:52:11" runUser="Daiz-PC\Daiz" xmlns="http://microsoft.com/schemas/VisualStudio/TeamTest/2010">
  <TestSettings name="Local" id="6d1ec75a-477d-46b2-8a47-3eb61e1c9c28">
    <Description>These are default test settings for a local test run.</Description>
    <Deployment enabled="false" runDeploymentRoot="Daiz_DAIZ-PC 2011-10-15 22_52_11">
      <DeploymentItem filename="C:\Users\Daiz\Desktop\Projects\Database\SimPhony\bin\Debug\SimPhony.dll" />
      <DeploymentItem filename="C:\Users\Daiz\Desktop\Projects\Database\DaizBase\bin\Debug\DaizBase.dll" />
    </Deployment>
    <Execution>
      <TestTypeSpecific />
      <AgentRule name="Execution Agents">
      </AgentRule>
    </Execution>
  </TestSettings>
  <Times creation="2011-10-15T22:52:11.3221000-04:00" queuing="2011-10-15T22:52:13.8981000-04:00" start="2011-10-15T22:52:14.1731000-04:00" finish="2011-10-15T22:52:31.4631000-04:00" />
  <ResultSummary outcome="Error">
    <Counters total="1" executed="1" error="0" failed="0" timeout="0" aborted="1" inconclusive="0" passedButRunAborted="0" notRunnable="0" notExecuted="0" disconnected="0" warning="0" passed="0" completed="0" inProgress="0" pending="0" />
    <RunInfos>
      <RunInfo computerName="DAIZ-PC" outcome="Error" timestamp="2011-10-15T22:52:31.4581000-04:00">
        <Text>Test host process exited unexpectedly.</Text>
      </RunInfo>
    </RunInfos>
  </ResultSummary>
  <TestDefinitions>
    <UnitTest name="LoadSongs" storage="c:\users\daiz\desktop\projects\database\daizbase\simphonytest\bin\debug\simphonytest.dll" id="70235c05-9a36-fc68-6841-8af854841410">
      <Execution id="de2d3520-74fb-4f1a-ab35-9e9952e22d2f" />
      <TestMethod codeBase="C:/Users/Daiz/Desktop/Projects/Database/DaizBase/SimphonyTest/bin/Debug/SimphonyTest.DLL" adapterTypeName="Microsoft.VisualStudio.TestTools.TestTypes.Unit.UnitTestAdapter, Microsoft.VisualStudio.QualityTools.Tips.UnitTest.Adapter, Version=10.0.0.0, Culture=neutral, PublicKeyToken=b03f5f7f11d50a3a" className="SimphonyTest.SimphonyTest, SimphonyTest, Version=1.0.0.0, Culture=neutral, PublicKeyToken=null" name="LoadSongs" />
    </UnitTest>
  </TestDefinitions>
  <TestLists>
    <TestList name="Results Not in a List" id="8c84fa94-04c1-424b-9868-57a2d4851a1d" />
    <TestList name="All Loaded Results" id="19431567-8539-422a-85d7-44ee4e166bda" />
  </TestLists>
  <TestEntries>
    <TestEntry testId="70235c05-9a36-fc68-6841-8af854841410" executionId="de2d3520-74fb-4f1a-ab35-9e9952e22d2f" testListId="8c84fa94-04c1-424b-9868-57a2d4851a1d" />
  </TestEntries>
  <Results>
    <UnitTestResult executionId="de2d3520-74fb-4f1a-ab35-9e9952e22d2f" testId="70235c05-9a36-fc68-6841-8af854841410" testName="LoadSongs" computerName="DAIZ-PC" duration="00:00:17.0740000" startTime="2011-10-15T22:52:14.3891000-04:00" endTime="2011-10-15T22:52:31.4631000-04:00" testType="13cdc9d9-ddb5-4fa4-a97d-d965ccfc6d4b" outcome="Aborted" testListId="8c84fa94-04c1-424b-9868-57a2d4851a1d" relativeResultsDirectory="de2d3520-74fb-4f1a-ab35-9e9952e22d2f">
    </UnitTestResult>
  </Results>
</TestRun>