<?xml version="1.0" encoding="UTF-8"?>
<TestRun id="2b77e4ba-75d3-43de-b566-bde9d2b61689" name="Daiz@DAIZ-PC 2011-10-15 22:29:38" runUser="Daiz-PC\Daiz" xmlns="http://microsoft.com/schemas/VisualStudio/TeamTest/2010">
  <TestSettings name="Local" id="6d1ec75a-477d-46b2-8a47-3eb61e1c9c28">
    <Description>These are default test settings for a local test run.</Description>
    <Deployment enabled="false" runDeploymentRoot="Daiz_DAIZ-PC 2011-10-15 22_29_38">
      <DeploymentItem filename="C:\Users\Daiz\Desktop\Projects\Database\SimPhony\bin\Debug\SimPhony.dll" />
      <DeploymentItem filename="C:\Users\Daiz\Desktop\Projects\Database\DaizBase\bin\Debug\DaizBase.dll" />
    </Deployment>
    <Execution>
      <TestTypeSpecific />
      <AgentRule name="Execution Agents">
      </AgentRule>
    </Execution>
  </TestSettings>
  <Times creation="2011-10-15T22:29:38.5611000-04:00" queuing="2011-10-15T22:29:40.0941000-04:00" start="2011-10-15T22:29:40.2791000-04:00" finish="2011-10-15T22:29:46.9391000-04:00" />
  <ResultSummary outcome="Failed">
    <Counters total="1" executed="1" error="0" failed="1" timeout="0" aborted="0" inconclusive="0" passedButRunAborted="0" notRunnable="0" notExecuted="0" disconnected="0" warning="0" passed="0" completed="0" inProgress="0" pending="0" />
  </ResultSummary>
  <TestDefinitions>
    <UnitTest name="Test1" storage="c:\users\daiz\desktop\projects\database\daizbase\simphonytest\bin\debug\simphonytest.dll" id="17880c43-d0bd-a935-3603-8533d88fda01">
      <Execution id="30598b5e-2043-4219-947b-ad7c8047edb9" />
      <TestMethod codeBase="C:/Users/Daiz/Desktop/Projects/Database/DaizBase/SimphonyTest/bin/Debug/SimphonyTest.DLL" adapterTypeName="Microsoft.VisualStudio.TestTools.TestTypes.Unit.UnitTestAdapter, Microsoft.VisualStudio.QualityTools.Tips.UnitTest.Adapter, Version=10.0.0.0, Culture=neutral, PublicKeyToken=b03f5f7f11d50a3a" className="SimphonyTest.SimphonyTest, SimphonyTest, Version=1.0.0.0, Culture=neutral, PublicKeyToken=null" name="Test1" />
    </UnitTest>
  </TestDefinitions>
  <TestLists>
    <TestList name="Results Not in a List" id="8c84fa94-04c1-424b-9868-57a2d4851a1d" />
    <TestList name="All Loaded Results" id="19431567-8539-422a-85d7-44ee4e166bda" />
  </TestLists>
  <TestEntries>
    <TestEntry testId="17880c43-d0bd-a935-3603-8533d88fda01" executionId="30598b5e-2043-4219-947b-ad7c8047edb9" testListId="8c84fa94-04c1-424b-9868-57a2d4851a1d" />
  </TestEntries>
  <Results>
    <UnitTestResult executionId="30598b5e-2043-4219-947b-ad7c8047edb9" testId="17880c43-d0bd-a935-3603-8533d88fda01" testName="Test1" computerName="DAIZ-PC" duration="00:00:03.9854111" startTime="2011-10-15T22:29:40.4221000-04:00" endTime="2011-10-15T22:29:45.0931000-04:00" testType="13cdc9d9-ddb5-4fa4-a97d-d965ccfc6d4b" outcome="Failed" testListId="8c84fa94-04c1-424b-9868-57a2d4851a1d" relativeResultsDirectory="30598b5e-2043-4219-947b-ad7c8047edb9">
      <Output>
        <ErrorInfo>
          <Message>Assert.IsTrue failed. </Message>
          <StackTrace>   at SimphonyTest.SimphonyTest.Test1() in C:\Users\Daiz\Desktop\Projects\Database\DaizBase\SimphonyTest\Simphony.cs:line 25
</StackTrace>
        </ErrorInfo>
      </Output>
    </UnitTestResult>
  </Results>
</TestRun>