<?xml version="1.0" encoding="UTF-8"?>
<TestRun id="c54844ad-14df-4f11-bcee-1de1cde8beb1" name="Daiz@DAIZ-PC 2011-10-15 22:33:14" runUser="Daiz-PC\Daiz" xmlns="http://microsoft.com/schemas/VisualStudio/TeamTest/2010">
  <TestSettings name="Local" id="6d1ec75a-477d-46b2-8a47-3eb61e1c9c28">
    <Description>These are default test settings for a local test run.</Description>
    <Deployment enabled="false" runDeploymentRoot="Daiz_DAIZ-PC 2011-10-15 22_33_14">
      <DeploymentItem filename="C:\Users\Daiz\Desktop\Projects\Database\SimPhony\bin\Debug\SimPhony.dll" />
      <DeploymentItem filename="C:\Users\Daiz\Desktop\Projects\Database\DaizBase\bin\Debug\DaizBase.dll" />
    </Deployment>
    <Execution>
      <TestTypeSpecific />
      <AgentRule name="Execution Agents">
      </AgentRule>
    </Execution>
  </TestSettings>
  <Times creation="2011-10-15T22:33:14.1701000-04:00" queuing="2011-10-15T22:33:15.6211000-04:00" start="2011-10-15T22:33:15.9241000-04:00" finish="2011-10-15T22:33:41.4841000-04:00" />
  <ResultSummary outcome="Error">
    <Counters total="1" executed="1" error="0" failed="0" timeout="0" aborted="1" inconclusive="0" passedButRunAborted="0" notRunnable="0" notExecuted="0" disconnected="0" warning="0" passed="0" completed="0" inProgress="0" pending="0" />
    <RunInfos>
      <RunInfo computerName="DAIZ-PC" outcome="Error" timestamp="2011-10-15T22:33:41.4821000-04:00">
        <Text>Test host process exited unexpectedly.</Text>
      </RunInfo>
    </RunInfos>
  </ResultSummary>
  <TestDefinitions>
    <UnitTest name="SaveMasterList" storage="c:\users\daiz\desktop\projects\database\daizbase\simphonytest\bin\debug\simphonytest.dll" id="c3916199-205e-20c7-2adb-6760dae1a04c">
      <Execution id="935f90e6-4dcf-4937-854e-31ebe1b274d3" />
      <TestMethod codeBase="C:/Users/Daiz/Desktop/Projects/Database/DaizBase/SimphonyTest/bin/Debug/SimphonyTest.DLL" adapterTypeName="Microsoft.VisualStudio.TestTools.TestTypes.Unit.UnitTestAdapter, Microsoft.VisualStudio.QualityTools.Tips.UnitTest.Adapter, Version=10.0.0.0, Culture=neutral, PublicKeyToken=b03f5f7f11d50a3a" className="SimphonyTest.SimphonyTest, SimphonyTest, Version=1.0.0.0, Culture=neutral, PublicKeyToken=null" name="SaveMasterList" />
    </UnitTest>
  </TestDefinitions>
  <TestLists>
    <TestList name="Results Not in a List" id="8c84fa94-04c1-424b-9868-57a2d4851a1d" />
    <TestList name="All Loaded Results" id="19431567-8539-422a-85d7-44ee4e166bda" />
  </TestLists>
  <TestEntries>
    <TestEntry testId="c3916199-205e-20c7-2adb-6760dae1a04c" executionId="935f90e6-4dcf-4937-854e-31ebe1b274d3" testListId="8c84fa94-04c1-424b-9868-57a2d4851a1d" />
  </TestEntries>
  <Results>
    <UnitTestResult executionId="935f90e6-4dcf-4937-854e-31ebe1b274d3" testId="c3916199-205e-20c7-2adb-6760dae1a04c" testName="SaveMasterList" computerName="DAIZ-PC" duration="00:00:25.4360000" startTime="2011-10-15T22:33:16.0481000-04:00" endTime="2011-10-15T22:33:41.4841000-04:00" testType="13cdc9d9-ddb5-4fa4-a97d-d965ccfc6d4b" outcome="Aborted" testListId="8c84fa94-04c1-424b-9868-57a2d4851a1d" relativeResultsDirectory="935f90e6-4dcf-4937-854e-31ebe1b274d3">
    </UnitTestResult>
  </Results>
</TestRun>